[debug] [2026-04-01T04:43:50.681Z] ----------------------------------------------------------------------
[debug] [2026-04-01T04:43:50.683Z] Command:       C:\Program Files\nodejs\node.exe C:\Users\PC\AppData\Roaming\npm\node_modules\firebase-tools\lib\bin\firebase.js init hosting
[debug] [2026-04-01T04:43:50.684Z] CLI Version:   15.12.0
[debug] [2026-04-01T04:43:50.684Z] Platform:      win32
[debug] [2026-04-01T04:43:50.684Z] Node Version:  v22.14.0
[debug] [2026-04-01T04:43:50.684Z] Time:          Wed Apr 01 2026 12:43:50 GMT+0800 (China Standard Time)
[debug] [2026-04-01T04:43:50.684Z] ----------------------------------------------------------------------
[debug] 
[info] 
     ######## #### ########  ######## ########     ###     ######  ########
     ##        ##  ##     ## ##       ##     ##  ##   ##  ##       ##
     ######    ##  ########  ######   ########  #########  ######  ######
     ##        ##  ##    ##  ##       ##     ## ##     ##       ## ##
     ##       #### ##     ## ######## ########  ##     ##  ######  ########

You're about to initialize a Firebase project in this directory:

  C:\Users\PC\Documents\Henry Docu's\Kimi_Agent_4RMTECH React Shopping Platform\server

[debug] [2026-04-01T04:45:00.750Z] ExitPromptError: User force closed the prompt with SIGINT
    at Interface.sigint (C:\Users\PC\AppData\Roaming\npm\node_modules\firebase-tools\node_modules\@inquirer\core\dist\commonjs\lib\create-prompt.js:101:37)
    at Interface.emit (node:events:518:28)
    at [_ttyWrite] [as _ttyWrite] (node:internal/readline/interface:1124:18)
    at ReadStream.onkeypress (node:internal/readline/interface:263:20)
    at ReadStream.emit (node:events:530:35)
    at emitKeys (node:internal/readline/utils:370:14)
    at emitKeys.next (<anonymous>)
    at ReadStream.onData (node:internal/readline/emitKeypressEvents:64:36)
    at ReadStream.emit (node:events:518:28)
    at addChunk (node:internal/streams/readable:561:12)
[error] 
[error] Error: An unexpected error has occurred.
